nohup: ignoring input
WARNING:kombu.connection:Secure redis scheme specified (rediss) with no ssl options, defaulting to insecure SSL behaviour.
[2025-04-21 09:37:09,496: INFO/MainProcess] beat: Starting...
[2025-04-21 09:42:11,693: ERROR/MainProcess] Signal handler <function acquire_distributed_beat_lock at 0xe24a9b7dbd80> raised: ConnectionError('Connection closed by server.')
Traceback (most recent call last):
  File "/d01/def/app/server/flask/procg_venv/lib/python3.11/site-packages/celery/utils/dispatch/signal.py", line 280, in send
    response = receiver(signal=self, sender=sender, **named)
               ^^^^^^^^^^^^^^^^^^^^^^^^^^^^^^^^^^^^^^^^^^^^^
  File "/d01/def/app/server/flask/procg_venv/lib/python3.11/site-packages/redbeat/schedulers.py", line 585, in acquire_distributed_beat_lock
    lock.acquire()
  File "/d01/def/app/server/flask/procg_venv/lib/python3.11/site-packages/redis/lock.py", line 210, in acquire
    if self.do_acquire(token):
       ^^^^^^^^^^^^^^^^^^^^^^
  File "/d01/def/app/server/flask/procg_venv/lib/python3.11/site-packages/redis/lock.py", line 226, in do_acquire
    if self.redis.set(self.name, token, nx=True, px=timeout):
       ^^^^^^^^^^^^^^^^^^^^^^^^^^^^^^^^^^^^^^^^^^^^^^^^^^^^^
  File "/d01/def/app/server/flask/procg_venv/lib/python3.11/site-packages/redis/commands/core.py", line 2335, in set
    return self.execute_command("SET", *pieces, **options)
           ^^^^^^^^^^^^^^^^^^^^^^^^^^^^^^^^^^^^^^^^^^^^^^^
  File "/d01/def/app/server/flask/procg_venv/lib/python3.11/site-packages/redis/client.py", line 559, in execute_command
    return self._execute_command(*args, **options)
           ^^^^^^^^^^^^^^^^^^^^^^^^^^^^^^^^^^^^^^^
  File "/d01/def/app/server/flask/procg_venv/lib/python3.11/site-packages/redis/client.py", line 567, in _execute_command
    return conn.retry.call_with_retry(
           ^^^^^^^^^^^^^^^^^^^^^^^^^^^
  File "/d01/def/app/server/flask/procg_venv/lib/python3.11/site-packages/redis/retry.py", line 65, in call_with_retry
    fail(error)
  File "/d01/def/app/server/flask/procg_venv/lib/python3.11/site-packages/redis/client.py", line 571, in <lambda>
    lambda error: self._disconnect_raise(conn, error),
                  ^^^^^^^^^^^^^^^^^^^^^^^^^^^^^^^^^^^
  File "/d01/def/app/server/flask/procg_venv/lib/python3.11/site-packages/redis/client.py", line 555, in _disconnect_raise
    raise error
  File "/d01/def/app/server/flask/procg_venv/lib/python3.11/site-packages/redis/retry.py", line 62, in call_with_retry
    return do()
           ^^^^
  File "/d01/def/app/server/flask/procg_venv/lib/python3.11/site-packages/redis/client.py", line 568, in <lambda>
    lambda: self._send_command_parse_response(
            ^^^^^^^^^^^^^^^^^^^^^^^^^^^^^^^^^^
  File "/d01/def/app/server/flask/procg_venv/lib/python3.11/site-packages/redis/client.py", line 542, in _send_command_parse_response
    return self.parse_response(conn, command_name, **options)
           ^^^^^^^^^^^^^^^^^^^^^^^^^^^^^^^^^^^^^^^^^^^^^^^^^^
  File "/d01/def/app/server/flask/procg_venv/lib/python3.11/site-packages/redis/client.py", line 584, in parse_response
    response = connection.read_response()
               ^^^^^^^^^^^^^^^^^^^^^^^^^^
  File "/d01/def/app/server/flask/procg_venv/lib/python3.11/site-packages/redis/connection.py", line 592, in read_response
    response = self._parser.read_response(disable_decoding=disable_decoding)
               ^^^^^^^^^^^^^^^^^^^^^^^^^^^^^^^^^^^^^^^^^^^^^^^^^^^^^^^^^^^^^
  File "/d01/def/app/server/flask/procg_venv/lib/python3.11/site-packages/redis/_parsers/resp2.py", line 15, in read_response
    result = self._read_response(disable_decoding=disable_decoding)
             ^^^^^^^^^^^^^^^^^^^^^^^^^^^^^^^^^^^^^^^^^^^^^^^^^^^^^^
  File "/d01/def/app/server/flask/procg_venv/lib/python3.11/site-packages/redis/_parsers/resp2.py", line 25, in _read_response
    raw = self._buffer.readline()
          ^^^^^^^^^^^^^^^^^^^^^^^
  File "/d01/def/app/server/flask/procg_venv/lib/python3.11/site-packages/redis/_parsers/socket.py", line 115, in readline
    self._read_from_socket()
  File "/d01/def/app/server/flask/procg_venv/lib/python3.11/site-packages/redis/_parsers/socket.py", line 68, in _read_from_socket
    raise ConnectionError(SERVER_CLOSED_CONNECTION_ERROR)
redis.exceptions.ConnectionError: Connection closed by server.
[2025-04-21 09:42:11,696: CRITICAL/MainProcess] beat raised exception <class 'AttributeError'>: AttributeError("'NoneType' object has no attribute 'extend'")
Traceback (most recent call last):
  File "/d01/def/app/server/flask/procg_venv/lib/python3.11/site-packages/celery/apps/beat.py", line 113, in start_scheduler
    service.start()
  File "/d01/def/app/server/flask/procg_venv/lib/python3.11/site-packages/celery/beat.py", line 644, in start
    interval = self.scheduler.tick()
               ^^^^^^^^^^^^^^^^^^^^^
  File "/d01/def/app/server/flask/procg_venv/lib/python3.11/site-packages/redbeat/schedulers.py", line 524, in tick
    self.lock.extend(int(self.lock_timeout))
    ^^^^^^^^^^^^^^^^
AttributeError: 'NoneType' object has no attribute 'extend'
[2025-04-21 09:42:11,696: WARNING/MainProcess] Traceback (most recent call last):
[2025-04-21 09:42:11,696: WARNING/MainProcess]   File "/d01/def/app/server/flask/procg_venv/bin/celery", line 8, in <module>
[2025-04-21 09:42:11,697: WARNING/MainProcess]     
[2025-04-21 09:42:11,697: WARNING/MainProcess] sys.exit(main())
[2025-04-21 09:42:11,697: WARNING/MainProcess]  
[2025-04-21 09:42:11,697: WARNING/MainProcess]  
[2025-04-21 09:42:11,697: WARNING/MainProcess]  
[2025-04-21 09:42:11,697: WARNING/MainProcess]  
[2025-04-21 09:42:11,697: WARNING/MainProcess]  
[2025-04-21 09:42:11,697: WARNING/MainProcess]  
[2025-04-21 09:42:11,697: WARNING/MainProcess]  
[2025-04-21 09:42:11,697: WARNING/MainProcess]  
[2025-04-21 09:42:11,697: WARNING/MainProcess]  
[2025-04-21 09:42:11,697: WARNING/MainProcess]  
[2025-04-21 09:42:11,697: WARNING/MainProcess]  
[2025-04-21 09:42:11,697: WARNING/MainProcess]  
[2025-04-21 09:42:11,697: WARNING/MainProcess]  
[2025-04-21 09:42:11,697: WARNING/MainProcess] ^
[2025-04-21 09:42:11,697: WARNING/MainProcess] ^
[2025-04-21 09:42:11,697: WARNING/MainProcess] ^
[2025-04-21 09:42:11,697: WARNING/MainProcess] ^
[2025-04-21 09:42:11,697: WARNING/MainProcess] ^
[2025-04-21 09:42:11,697: WARNING/MainProcess] ^
[2025-04-21 09:42:11,697: WARNING/MainProcess]   File "/d01/def/app/server/flask/procg_venv/lib/python3.11/site-packages/celery/__main__.py", line 15, in main
[2025-04-21 09:42:11,697: WARNING/MainProcess]     
[2025-04-21 09:42:11,697: WARNING/MainProcess] sys.exit(_main())
[2025-04-21 09:42:11,697: WARNING/MainProcess]  
[2025-04-21 09:42:11,697: WARNING/MainProcess]  
[2025-04-21 09:42:11,697: WARNING/MainProcess]  
[2025-04-21 09:42:11,697: WARNING/MainProcess]  
[2025-04-21 09:42:11,697: WARNING/MainProcess]  
[2025-04-21 09:42:11,697: WARNING/MainProcess]  
[2025-04-21 09:42:11,697: WARNING/MainProcess]  
[2025-04-21 09:42:11,697: WARNING/MainProcess]  
[2025-04-21 09:42:11,697: WARNING/MainProcess]  
[2025-04-21 09:42:11,697: WARNING/MainProcess]  
[2025-04-21 09:42:11,697: WARNING/MainProcess]  
[2025-04-21 09:42:11,697: WARNING/MainProcess]  
[2025-04-21 09:42:11,697: WARNING/MainProcess]  
[2025-04-21 09:42:11,697: WARNING/MainProcess] ^
[2025-04-21 09:42:11,697: WARNING/MainProcess] ^
[2025-04-21 09:42:11,697: WARNING/MainProcess] ^
[2025-04-21 09:42:11,697: WARNING/MainProcess] ^
[2025-04-21 09:42:11,697: WARNING/MainProcess] ^
[2025-04-21 09:42:11,697: WARNING/MainProcess] ^
[2025-04-21 09:42:11,697: WARNING/MainProcess] ^
[2025-04-21 09:42:11,697: WARNING/MainProcess]   File "/d01/def/app/server/flask/procg_venv/lib/python3.11/site-packages/celery/bin/celery.py", line 231, in main
[2025-04-21 09:42:11,698: WARNING/MainProcess]     
[2025-04-21 09:42:11,698: WARNING/MainProcess] return celery(auto_envvar_prefix="CELERY")
[2025-04-21 09:42:11,698: WARNING/MainProcess]  
[2025-04-21 09:42:11,698: WARNING/MainProcess]  
[2025-04-21 09:42:11,698: WARNING/MainProcess]  
[2025-04-21 09:42:11,698: WARNING/MainProcess]  
[2025-04-21 09:42:11,698: WARNING/MainProcess]  
[2025-04-21 09:42:11,698: WARNING/MainProcess]  
[2025-04-21 09:42:11,698: WARNING/MainProcess]  
[2025-04-21 09:42:11,698: WARNING/MainProcess]  
[2025-04-21 09:42:11,698: WARNING/MainProcess]  
[2025-04-21 09:42:11,698: WARNING/MainProcess]  
[2025-04-21 09:42:11,698: WARNING/MainProcess]  
[2025-04-21 09:42:11,698: WARNING/MainProcess] ^
[2025-04-21 09:42:11,698: WARNING/MainProcess] ^
[2025-04-21 09:42:11,698: WARNING/MainProcess] ^
[2025-04-21 09:42:11,698: WARNING/MainProcess] ^
[2025-04-21 09:42:11,698: WARNING/MainProcess] ^
[2025-04-21 09:42:11,698: WARNING/MainProcess] ^
[2025-04-21 09:42:11,698: WARNING/MainProcess] ^
[2025-04-21 09:42:11,698: WARNING/MainProcess] ^
[2025-04-21 09:42:11,698: WARNING/MainProcess] ^
[2025-04-21 09:42:11,698: WARNING/MainProcess] ^
[2025-04-21 09:42:11,698: WARNING/MainProcess] ^
[2025-04-21 09:42:11,698: WARNING/MainProcess] ^
[2025-04-21 09:42:11,698: WARNING/MainProcess] ^
[2025-04-21 09:42:11,698: WARNING/MainProcess] ^
[2025-04-21 09:42:11,698: WARNING/MainProcess] ^
[2025-04-21 09:42:11,698: WARNING/MainProcess] ^
[2025-04-21 09:42:11,698: WARNING/MainProcess] ^
[2025-04-21 09:42:11,698: WARNING/MainProcess] ^
[2025-04-21 09:42:11,698: WARNING/MainProcess] ^
[2025-04-21 09:42:11,698: WARNING/MainProcess] ^
[2025-04-21 09:42:11,698: WARNING/MainProcess] ^
[2025-04-21 09:42:11,698: WARNING/MainProcess] ^
[2025-04-21 09:42:11,698: WARNING/MainProcess] ^
[2025-04-21 09:42:11,698: WARNING/MainProcess] ^
[2025-04-21 09:42:11,698: WARNING/MainProcess] ^
[2025-04-21 09:42:11,698: WARNING/MainProcess] ^
[2025-04-21 09:42:11,698: WARNING/MainProcess] ^
[2025-04-21 09:42:11,698: WARNING/MainProcess] ^
[2025-04-21 09:42:11,698: WARNING/MainProcess] ^
[2025-04-21 09:42:11,698: WARNING/MainProcess] ^
[2025-04-21 09:42:11,698: WARNING/MainProcess] ^
[2025-04-21 09:42:11,698: WARNING/MainProcess] ^
[2025-04-21 09:42:11,698: WARNING/MainProcess] ^
[2025-04-21 09:42:11,698: WARNING/MainProcess] ^
[2025-04-21 09:42:11,698: WARNING/MainProcess] ^
[2025-04-21 09:42:11,698: WARNING/MainProcess]   File "/d01/def/app/server/flask/procg_venv/lib/python3.11/site-packages/click/core.py", line 1161, in __call__
[2025-04-21 09:42:11,699: WARNING/MainProcess]     
[2025-04-21 09:42:11,699: WARNING/MainProcess] return self.main(*args, **kwargs)
[2025-04-21 09:42:11,699: WARNING/MainProcess]  
[2025-04-21 09:42:11,699: WARNING/MainProcess]  
[2025-04-21 09:42:11,699: WARNING/MainProcess]  
[2025-04-21 09:42:11,699: WARNING/MainProcess]  
[2025-04-21 09:42:11,699: WARNING/MainProcess]  
[2025-04-21 09:42:11,699: WARNING/MainProcess]  
[2025-04-21 09:42:11,699: WARNING/MainProcess]  
[2025-04-21 09:42:11,699: WARNING/MainProcess]  
[2025-04-21 09:42:11,699: WARNING/MainProcess]  
[2025-04-21 09:42:11,699: WARNING/MainProcess]  
[2025-04-21 09:42:11,699: WARNING/MainProcess]  
[2025-04-21 09:42:11,699: WARNING/MainProcess] ^
[2025-04-21 09:42:11,699: WARNING/MainProcess] ^
[2025-04-21 09:42:11,699: WARNING/MainProcess] ^
[2025-04-21 09:42:11,699: WARNING/MainProcess] ^
[2025-04-21 09:42:11,699: WARNING/MainProcess] ^
[2025-04-21 09:42:11,699: WARNING/MainProcess] ^
[2025-04-21 09:42:11,699: WARNING/MainProcess] ^
[2025-04-21 09:42:11,699: WARNING/MainProcess] ^
[2025-04-21 09:42:11,699: WARNING/MainProcess] ^
[2025-04-21 09:42:11,699: WARNING/MainProcess] ^
[2025-04-21 09:42:11,699: WARNING/MainProcess] ^
[2025-04-21 09:42:11,699: WARNING/MainProcess] ^
[2025-04-21 09:42:11,699: WARNING/MainProcess] ^
[2025-04-21 09:42:11,699: WARNING/MainProcess] ^
[2025-04-21 09:42:11,699: WARNING/MainProcess] ^
[2025-04-21 09:42:11,699: WARNING/MainProcess] ^
[2025-04-21 09:42:11,699: WARNING/MainProcess] ^
[2025-04-21 09:42:11,699: WARNING/MainProcess] ^
[2025-04-21 09:42:11,699: WARNING/MainProcess] ^
[2025-04-21 09:42:11,699: WARNING/MainProcess] ^
[2025-04-21 09:42:11,699: WARNING/MainProcess] ^
[2025-04-21 09:42:11,699: WARNING/MainProcess] ^
[2025-04-21 09:42:11,699: WARNING/MainProcess] ^
[2025-04-21 09:42:11,699: WARNING/MainProcess] ^
[2025-04-21 09:42:11,699: WARNING/MainProcess] ^
[2025-04-21 09:42:11,699: WARNING/MainProcess] ^
[2025-04-21 09:42:11,699: WARNING/MainProcess]   File "/d01/def/app/server/flask/procg_venv/lib/python3.11/site-packages/click/core.py", line 1082, in main
[2025-04-21 09:42:11,699: WARNING/MainProcess]     
[2025-04-21 09:42:11,699: WARNING/MainProcess] rv = self.invoke(ctx)
[2025-04-21 09:42:11,699: WARNING/MainProcess]  
[2025-04-21 09:42:11,699: WARNING/MainProcess]  
[2025-04-21 09:42:11,699: WARNING/MainProcess]  
[2025-04-21 09:42:11,699: WARNING/MainProcess]  
[2025-04-21 09:42:11,699: WARNING/MainProcess]  
[2025-04-21 09:42:11,700: WARNING/MainProcess]  
[2025-04-21 09:42:11,700: WARNING/MainProcess]  
[2025-04-21 09:42:11,700: WARNING/MainProcess]  
[2025-04-21 09:42:11,700: WARNING/MainProcess]  
[2025-04-21 09:42:11,700: WARNING/MainProcess] ^
[2025-04-21 09:42:11,700: WARNING/MainProcess] ^
[2025-04-21 09:42:11,700: WARNING/MainProcess] ^
[2025-04-21 09:42:11,700: WARNING/MainProcess] ^
[2025-04-21 09:42:11,700: WARNING/MainProcess] ^
[2025-04-21 09:42:11,700: WARNING/MainProcess] ^
[2025-04-21 09:42:11,700: WARNING/MainProcess] ^
[2025-04-21 09:42:11,700: WARNING/MainProcess] ^
[2025-04-21 09:42:11,700: WARNING/MainProcess] ^
[2025-04-21 09:42:11,700: WARNING/MainProcess] ^
[2025-04-21 09:42:11,700: WARNING/MainProcess] ^
[2025-04-21 09:42:11,700: WARNING/MainProcess] ^
[2025-04-21 09:42:11,700: WARNING/MainProcess] ^
[2025-04-21 09:42:11,700: WARNING/MainProcess] ^
[2025-04-21 09:42:11,700: WARNING/MainProcess] ^
[2025-04-21 09:42:11,700: WARNING/MainProcess] ^
[2025-04-21 09:42:11,700: WARNING/MainProcess]   File "/d01/def/app/server/flask/procg_venv/lib/python3.11/site-packages/click/core.py", line 1697, in invoke
[2025-04-21 09:42:11,700: WARNING/MainProcess]     
[2025-04-21 09:42:11,700: WARNING/MainProcess] return _process_result(sub_ctx.command.invoke(sub_ctx))
[2025-04-21 09:42:11,700: WARNING/MainProcess]  
[2025-04-21 09:42:11,700: WARNING/MainProcess]  
[2025-04-21 09:42:11,700: WARNING/MainProcess]  
[2025-04-21 09:42:11,700: WARNING/MainProcess]  
[2025-04-21 09:42:11,700: WARNING/MainProcess]  
[2025-04-21 09:42:11,700: WARNING/MainProcess]  
[2025-04-21 09:42:11,700: WARNING/MainProcess]  
[2025-04-21 09:42:11,700: WARNING/MainProcess]  
[2025-04-21 09:42:11,700: WARNING/MainProcess]  
[2025-04-21 09:42:11,700: WARNING/MainProcess]  
[2025-04-21 09:42:11,700: WARNING/MainProcess]  
[2025-04-21 09:42:11,700: WARNING/MainProcess]  
[2025-04-21 09:42:11,700: WARNING/MainProcess]  
[2025-04-21 09:42:11,700: WARNING/MainProcess]  
[2025-04-21 09:42:11,700: WARNING/MainProcess]  
[2025-04-21 09:42:11,700: WARNING/MainProcess]  
[2025-04-21 09:42:11,700: WARNING/MainProcess]  
[2025-04-21 09:42:11,700: WARNING/MainProcess]  
[2025-04-21 09:42:11,700: WARNING/MainProcess]  
[2025-04-21 09:42:11,700: WARNING/MainProcess]  
[2025-04-21 09:42:11,700: WARNING/MainProcess]  
[2025-04-21 09:42:11,700: WARNING/MainProcess]  
[2025-04-21 09:42:11,700: WARNING/MainProcess]  
[2025-04-21 09:42:11,700: WARNING/MainProcess]  
[2025-04-21 09:42:11,700: WARNING/MainProcess]  
[2025-04-21 09:42:11,701: WARNING/MainProcess]  
[2025-04-21 09:42:11,701: WARNING/MainProcess]  
[2025-04-21 09:42:11,701: WARNING/MainProcess] ^
[2025-04-21 09:42:11,701: WARNING/MainProcess] ^
[2025-04-21 09:42:11,701: WARNING/MainProcess] ^
[2025-04-21 09:42:11,701: WARNING/MainProcess] ^
[2025-04-21 09:42:11,701: WARNING/MainProcess] ^
[2025-04-21 09:42:11,701: WARNING/MainProcess] ^
[2025-04-21 09:42:11,701: WARNING/MainProcess] ^
[2025-04-21 09:42:11,701: WARNING/MainProcess] ^
[2025-04-21 09:42:11,701: WARNING/MainProcess] ^
[2025-04-21 09:42:11,701: WARNING/MainProcess] ^
[2025-04-21 09:42:11,701: WARNING/MainProcess] ^
[2025-04-21 09:42:11,701: WARNING/MainProcess] ^
[2025-04-21 09:42:11,701: WARNING/MainProcess] ^
[2025-04-21 09:42:11,701: WARNING/MainProcess] ^
[2025-04-21 09:42:11,701: WARNING/MainProcess] ^
[2025-04-21 09:42:11,701: WARNING/MainProcess] ^
[2025-04-21 09:42:11,701: WARNING/MainProcess] ^
[2025-04-21 09:42:11,701: WARNING/MainProcess] ^
[2025-04-21 09:42:11,701: WARNING/MainProcess] ^
[2025-04-21 09:42:11,701: WARNING/MainProcess] ^
[2025-04-21 09:42:11,701: WARNING/MainProcess] ^
[2025-04-21 09:42:11,701: WARNING/MainProcess] ^
[2025-04-21 09:42:11,701: WARNING/MainProcess] ^
[2025-04-21 09:42:11,701: WARNING/MainProcess] ^
[2025-04-21 09:42:11,701: WARNING/MainProcess] ^
[2025-04-21 09:42:11,701: WARNING/MainProcess] ^
[2025-04-21 09:42:11,701: WARNING/MainProcess] ^
[2025-04-21 09:42:11,701: WARNING/MainProcess] ^
[2025-04-21 09:42:11,701: WARNING/MainProcess] ^
[2025-04-21 09:42:11,701: WARNING/MainProcess] ^
[2025-04-21 09:42:11,701: WARNING/MainProcess] ^
[2025-04-21 09:42:11,701: WARNING/MainProcess]   File "/d01/def/app/server/flask/procg_venv/lib/python3.11/site-packages/click/core.py", line 1443, in invoke
[2025-04-21 09:42:11,701: WARNING/MainProcess]     
[2025-04-21 09:42:11,701: WARNING/MainProcess] return ctx.invoke(self.callback, **ctx.params)
[2025-04-21 09:42:11,701: WARNING/MainProcess]  
[2025-04-21 09:42:11,701: WARNING/MainProcess]  
[2025-04-21 09:42:11,701: WARNING/MainProcess]  
[2025-04-21 09:42:11,701: WARNING/MainProcess]  
[2025-04-21 09:42:11,701: WARNING/MainProcess]  
[2025-04-21 09:42:11,701: WARNING/MainProcess]  
[2025-04-21 09:42:11,701: WARNING/MainProcess]  
[2025-04-21 09:42:11,701: WARNING/MainProcess]  
[2025-04-21 09:42:11,701: WARNING/MainProcess]  
[2025-04-21 09:42:11,701: WARNING/MainProcess]  
[2025-04-21 09:42:11,701: WARNING/MainProcess]  
[2025-04-21 09:42:11,701: WARNING/MainProcess] ^
[2025-04-21 09:42:11,701: WARNING/MainProcess] ^
[2025-04-21 09:42:11,701: WARNING/MainProcess] ^
[2025-04-21 09:42:11,701: WARNING/MainProcess] ^
[2025-04-21 09:42:11,701: WARNING/MainProcess] ^
[2025-04-21 09:42:11,702: WARNING/MainProcess] ^
[2025-04-21 09:42:11,702: WARNING/MainProcess] ^
[2025-04-21 09:42:11,702: WARNING/MainProcess] ^
[2025-04-21 09:42:11,702: WARNING/MainProcess] ^
[2025-04-21 09:42:11,702: WARNING/MainProcess] ^
[2025-04-21 09:42:11,702: WARNING/MainProcess] ^
[2025-04-21 09:42:11,702: WARNING/MainProcess] ^
[2025-04-21 09:42:11,702: WARNING/MainProcess] ^
[2025-04-21 09:42:11,702: WARNING/MainProcess] ^
[2025-04-21 09:42:11,702: WARNING/MainProcess] ^
[2025-04-21 09:42:11,702: WARNING/MainProcess] ^
[2025-04-21 09:42:11,702: WARNING/MainProcess] ^
[2025-04-21 09:42:11,702: WARNING/MainProcess] ^
[2025-04-21 09:42:11,702: WARNING/MainProcess] ^
[2025-04-21 09:42:11,702: WARNING/MainProcess] ^
[2025-04-21 09:42:11,702: WARNING/MainProcess] ^
[2025-04-21 09:42:11,702: WARNING/MainProcess] ^
[2025-04-21 09:42:11,702: WARNING/MainProcess] ^
[2025-04-21 09:42:11,702: WARNING/MainProcess] ^
[2025-04-21 09:42:11,702: WARNING/MainProcess] ^
[2025-04-21 09:42:11,702: WARNING/MainProcess] ^
[2025-04-21 09:42:11,702: WARNING/MainProcess] ^
[2025-04-21 09:42:11,702: WARNING/MainProcess] ^
[2025-04-21 09:42:11,702: WARNING/MainProcess] ^
[2025-04-21 09:42:11,702: WARNING/MainProcess] ^
[2025-04-21 09:42:11,702: WARNING/MainProcess] ^
[2025-04-21 09:42:11,702: WARNING/MainProcess] ^
[2025-04-21 09:42:11,702: WARNING/MainProcess] ^
[2025-04-21 09:42:11,702: WARNING/MainProcess] ^
[2025-04-21 09:42:11,702: WARNING/MainProcess] ^
[2025-04-21 09:42:11,702: WARNING/MainProcess] ^
[2025-04-21 09:42:11,702: WARNING/MainProcess] ^
[2025-04-21 09:42:11,702: WARNING/MainProcess] ^
[2025-04-21 09:42:11,702: WARNING/MainProcess] ^
[2025-04-21 09:42:11,702: WARNING/MainProcess]   File "/d01/def/app/server/flask/procg_venv/lib/python3.11/site-packages/click/core.py", line 788, in invoke
[2025-04-21 09:42:11,702: WARNING/MainProcess]     
[2025-04-21 09:42:11,702: WARNING/MainProcess] return __callback(*args, **kwargs)
[2025-04-21 09:42:11,702: WARNING/MainProcess]  
[2025-04-21 09:42:11,702: WARNING/MainProcess]  
[2025-04-21 09:42:11,702: WARNING/MainProcess]  
[2025-04-21 09:42:11,702: WARNING/MainProcess]  
[2025-04-21 09:42:11,702: WARNING/MainProcess]  
[2025-04-21 09:42:11,702: WARNING/MainProcess]  
[2025-04-21 09:42:11,702: WARNING/MainProcess]  
[2025-04-21 09:42:11,702: WARNING/MainProcess]  
[2025-04-21 09:42:11,702: WARNING/MainProcess]  
[2025-04-21 09:42:11,702: WARNING/MainProcess]  
[2025-04-21 09:42:11,702: WARNING/MainProcess]  
[2025-04-21 09:42:11,702: WARNING/MainProcess] ^
[2025-04-21 09:42:11,702: WARNING/MainProcess] ^
[2025-04-21 09:42:11,702: WARNING/MainProcess] ^
[2025-04-21 09:42:11,702: WARNING/MainProcess] ^
[2025-04-21 09:42:11,702: WARNING/MainProcess] ^
[2025-04-21 09:42:11,702: WARNING/MainProcess] ^
[2025-04-21 09:42:11,702: WARNING/MainProcess] ^
[2025-04-21 09:42:11,703: WARNING/MainProcess] ^
[2025-04-21 09:42:11,703: WARNING/MainProcess] ^
[2025-04-21 09:42:11,703: WARNING/MainProcess] ^
[2025-04-21 09:42:11,703: WARNING/MainProcess] ^
[2025-04-21 09:42:11,703: WARNING/MainProcess] ^
[2025-04-21 09:42:11,703: WARNING/MainProcess] ^
[2025-04-21 09:42:11,703: WARNING/MainProcess] ^
[2025-04-21 09:42:11,703: WARNING/MainProcess] ^
[2025-04-21 09:42:11,703: WARNING/MainProcess] ^
[2025-04-21 09:42:11,703: WARNING/MainProcess] ^
[2025-04-21 09:42:11,703: WARNING/MainProcess] ^
[2025-04-21 09:42:11,703: WARNING/MainProcess] ^
[2025-04-21 09:42:11,703: WARNING/MainProcess] ^
[2025-04-21 09:42:11,703: WARNING/MainProcess] ^
[2025-04-21 09:42:11,703: WARNING/MainProcess] ^
[2025-04-21 09:42:11,703: WARNING/MainProcess] ^
[2025-04-21 09:42:11,703: WARNING/MainProcess] ^
[2025-04-21 09:42:11,703: WARNING/MainProcess] ^
[2025-04-21 09:42:11,703: WARNING/MainProcess] ^
[2025-04-21 09:42:11,703: WARNING/MainProcess] ^
[2025-04-21 09:42:11,703: WARNING/MainProcess]   File "/d01/def/app/server/flask/procg_venv/lib/python3.11/site-packages/click/decorators.py", line 33, in new_func
[2025-04-21 09:42:11,703: WARNING/MainProcess]     
[2025-04-21 09:42:11,703: WARNING/MainProcess] return f(get_current_context(), *args, **kwargs)
[2025-04-21 09:42:11,703: WARNING/MainProcess]  
[2025-04-21 09:42:11,703: WARNING/MainProcess]  
[2025-04-21 09:42:11,703: WARNING/MainProcess]  
[2025-04-21 09:42:11,703: WARNING/MainProcess]  
[2025-04-21 09:42:11,703: WARNING/MainProcess]  
[2025-04-21 09:42:11,703: WARNING/MainProcess]  
[2025-04-21 09:42:11,703: WARNING/MainProcess]  
[2025-04-21 09:42:11,703: WARNING/MainProcess]  
[2025-04-21 09:42:11,703: WARNING/MainProcess]  
[2025-04-21 09:42:11,703: WARNING/MainProcess]  
[2025-04-21 09:42:11,703: WARNING/MainProcess]  
[2025-04-21 09:42:11,703: WARNING/MainProcess] ^
[2025-04-21 09:42:11,703: WARNING/MainProcess] ^
[2025-04-21 09:42:11,703: WARNING/MainProcess] ^
[2025-04-21 09:42:11,703: WARNING/MainProcess] ^
[2025-04-21 09:42:11,703: WARNING/MainProcess] ^
[2025-04-21 09:42:11,703: WARNING/MainProcess] ^
[2025-04-21 09:42:11,703: WARNING/MainProcess] ^
[2025-04-21 09:42:11,703: WARNING/MainProcess] ^
[2025-04-21 09:42:11,703: WARNING/MainProcess] ^
[2025-04-21 09:42:11,703: WARNING/MainProcess] ^
[2025-04-21 09:42:11,703: WARNING/MainProcess] ^
[2025-04-21 09:42:11,703: WARNING/MainProcess] ^
[2025-04-21 09:42:11,703: WARNING/MainProcess] ^
[2025-04-21 09:42:11,703: WARNING/MainProcess] ^
[2025-04-21 09:42:11,703: WARNING/MainProcess] ^
[2025-04-21 09:42:11,703: WARNING/MainProcess] ^
[2025-04-21 09:42:11,703: WARNING/MainProcess] ^
[2025-04-21 09:42:11,703: WARNING/MainProcess] ^
[2025-04-21 09:42:11,703: WARNING/MainProcess] ^
[2025-04-21 09:42:11,703: WARNING/MainProcess] ^
[2025-04-21 09:42:11,703: WARNING/MainProcess] ^
[2025-04-21 09:42:11,703: WARNING/MainProcess] ^
[2025-04-21 09:42:11,703: WARNING/MainProcess] ^
[2025-04-21 09:42:11,703: WARNING/MainProcess] ^
[2025-04-21 09:42:11,703: WARNING/MainProcess] ^
[2025-04-21 09:42:11,703: WARNING/MainProcess] ^
[2025-04-21 09:42:11,703: WARNING/MainProcess] ^
[2025-04-21 09:42:11,703: WARNING/MainProcess] ^
[2025-04-21 09:42:11,704: WARNING/MainProcess] ^
[2025-04-21 09:42:11,704: WARNING/MainProcess] ^
[2025-04-21 09:42:11,704: WARNING/MainProcess] ^
[2025-04-21 09:42:11,704: WARNING/MainProcess] ^
[2025-04-21 09:42:11,704: WARNING/MainProcess] ^
[2025-04-21 09:42:11,704: WARNING/MainProcess] ^
[2025-04-21 09:42:11,704: WARNING/MainProcess] ^
[2025-04-21 09:42:11,704: WARNING/MainProcess] ^
[2025-04-21 09:42:11,704: WARNING/MainProcess] ^
[2025-04-21 09:42:11,704: WARNING/MainProcess] ^
[2025-04-21 09:42:11,704: WARNING/MainProcess] ^
[2025-04-21 09:42:11,704: WARNING/MainProcess] ^
[2025-04-21 09:42:11,704: WARNING/MainProcess] ^
[2025-04-21 09:42:11,704: WARNING/MainProcess]   File "/d01/def/app/server/flask/procg_venv/lib/python3.11/site-packages/celery/bin/base.py", line 135, in caller
[2025-04-21 09:42:11,704: WARNING/MainProcess]     
[2025-04-21 09:42:11,704: WARNING/MainProcess] return f(ctx, *args, **kwargs)
[2025-04-21 09:42:11,704: WARNING/MainProcess]  
[2025-04-21 09:42:11,704: WARNING/MainProcess]  
[2025-04-21 09:42:11,704: WARNING/MainProcess]  
[2025-04-21 09:42:11,704: WARNING/MainProcess]  
[2025-04-21 09:42:11,704: WARNING/MainProcess]  
[2025-04-21 09:42:11,704: WARNING/MainProcess]  
[2025-04-21 09:42:11,704: WARNING/MainProcess]  
[2025-04-21 09:42:11,704: WARNING/MainProcess]  
[2025-04-21 09:42:11,704: WARNING/MainProcess]  
[2025-04-21 09:42:11,704: WARNING/MainProcess]  
[2025-04-21 09:42:11,704: WARNING/MainProcess]  
[2025-04-21 09:42:11,704: WARNING/MainProcess] ^
[2025-04-21 09:42:11,704: WARNING/MainProcess] ^
[2025-04-21 09:42:11,704: WARNING/MainProcess] ^
[2025-04-21 09:42:11,704: WARNING/MainProcess] ^
[2025-04-21 09:42:11,704: WARNING/MainProcess] ^
[2025-04-21 09:42:11,704: WARNING/MainProcess] ^
[2025-04-21 09:42:11,704: WARNING/MainProcess] ^
[2025-04-21 09:42:11,704: WARNING/MainProcess] ^
[2025-04-21 09:42:11,704: WARNING/MainProcess] ^
[2025-04-21 09:42:11,704: WARNING/MainProcess] ^
[2025-04-21 09:42:11,704: WARNING/MainProcess] ^
[2025-04-21 09:42:11,704: WARNING/MainProcess] ^
[2025-04-21 09:42:11,704: WARNING/MainProcess] ^
[2025-04-21 09:42:11,704: WARNING/MainProcess] ^
[2025-04-21 09:42:11,704: WARNING/MainProcess] ^
[2025-04-21 09:42:11,704: WARNING/MainProcess] ^
[2025-04-21 09:42:11,704: WARNING/MainProcess] ^
[2025-04-21 09:42:11,704: WARNING/MainProcess] ^
[2025-04-21 09:42:11,704: WARNING/MainProcess] ^
[2025-04-21 09:42:11,704: WARNING/MainProcess] ^
[2025-04-21 09:42:11,704: WARNING/MainProcess] ^
[2025-04-21 09:42:11,704: WARNING/MainProcess] ^
[2025-04-21 09:42:11,704: WARNING/MainProcess] ^
[2025-04-21 09:42:11,704: WARNING/MainProcess]   File "/d01/def/app/server/flask/procg_venv/lib/python3.11/site-packages/celery/bin/beat.py", line 72, in beat
[2025-04-21 09:42:11,704: WARNING/MainProcess]     
[2025-04-21 09:42:11,704: WARNING/MainProcess] return beat().run()
[2025-04-21 09:42:11,705: WARNING/MainProcess]  
[2025-04-21 09:42:11,705: WARNING/MainProcess]  
[2025-04-21 09:42:11,705: WARNING/MainProcess]  
[2025-04-21 09:42:11,705: WARNING/MainProcess]  
[2025-04-21 09:42:11,705: WARNING/MainProcess]  
[2025-04-21 09:42:11,705: WARNING/MainProcess]  
[2025-04-21 09:42:11,705: WARNING/MainProcess]  
[2025-04-21 09:42:11,705: WARNING/MainProcess]  
[2025-04-21 09:42:11,705: WARNING/MainProcess]  
[2025-04-21 09:42:11,705: WARNING/MainProcess]  
[2025-04-21 09:42:11,705: WARNING/MainProcess]  
[2025-04-21 09:42:11,705: WARNING/MainProcess] ^
[2025-04-21 09:42:11,705: WARNING/MainProcess] ^
[2025-04-21 09:42:11,705: WARNING/MainProcess] ^
[2025-04-21 09:42:11,705: WARNING/MainProcess] ^
[2025-04-21 09:42:11,705: WARNING/MainProcess] ^
[2025-04-21 09:42:11,705: WARNING/MainProcess] ^
[2025-04-21 09:42:11,705: WARNING/MainProcess] ^
[2025-04-21 09:42:11,705: WARNING/MainProcess] ^
[2025-04-21 09:42:11,705: WARNING/MainProcess] ^
[2025-04-21 09:42:11,705: WARNING/MainProcess] ^
[2025-04-21 09:42:11,705: WARNING/MainProcess] ^
[2025-04-21 09:42:11,705: WARNING/MainProcess] ^
[2025-04-21 09:42:11,705: WARNING/MainProcess]   File "/d01/def/app/server/flask/procg_venv/lib/python3.11/site-packages/celery/apps/beat.py", line 84, in run
[2025-04-21 09:42:11,705: WARNING/MainProcess]     
[2025-04-21 09:42:11,705: WARNING/MainProcess] self.start_scheduler()
[2025-04-21 09:42:11,705: WARNING/MainProcess]   File "/d01/def/app/server/flask/procg_venv/lib/python3.11/site-packages/celery/apps/beat.py", line 113, in start_scheduler
[2025-04-21 09:42:11,705: WARNING/MainProcess]     
[2025-04-21 09:42:11,705: WARNING/MainProcess] service.start()
[2025-04-21 09:42:11,705: WARNING/MainProcess]   File "/d01/def/app/server/flask/procg_venv/lib/python3.11/site-packages/celery/beat.py", line 644, in start
[2025-04-21 09:42:11,705: WARNING/MainProcess]     
[2025-04-21 09:42:11,705: WARNING/MainProcess] interval = self.scheduler.tick()
[2025-04-21 09:42:11,705: WARNING/MainProcess]  
[2025-04-21 09:42:11,705: WARNING/MainProcess]  
[2025-04-21 09:42:11,705: WARNING/MainProcess]  
[2025-04-21 09:42:11,705: WARNING/MainProcess]  
[2025-04-21 09:42:11,705: WARNING/MainProcess]  
[2025-04-21 09:42:11,705: WARNING/MainProcess]  
[2025-04-21 09:42:11,705: WARNING/MainProcess]  
[2025-04-21 09:42:11,705: WARNING/MainProcess]  
[2025-04-21 09:42:11,705: WARNING/MainProcess]  
[2025-04-21 09:42:11,705: WARNING/MainProcess]  
[2025-04-21 09:42:11,705: WARNING/MainProcess]  
[2025-04-21 09:42:11,705: WARNING/MainProcess]  
[2025-04-21 09:42:11,705: WARNING/MainProcess]  
[2025-04-21 09:42:11,705: WARNING/MainProcess]  
[2025-04-21 09:42:11,705: WARNING/MainProcess]  
[2025-04-21 09:42:11,705: WARNING/MainProcess] ^
[2025-04-21 09:42:11,705: WARNING/MainProcess] ^
[2025-04-21 09:42:11,705: WARNING/MainProcess] ^
[2025-04-21 09:42:11,706: WARNING/MainProcess] ^
[2025-04-21 09:42:11,706: WARNING/MainProcess] ^
[2025-04-21 09:42:11,706: WARNING/MainProcess] ^
[2025-04-21 09:42:11,706: WARNING/MainProcess] ^
[2025-04-21 09:42:11,706: WARNING/MainProcess] ^
[2025-04-21 09:42:11,706: WARNING/MainProcess] ^
[2025-04-21 09:42:11,706: WARNING/MainProcess] ^
[2025-04-21 09:42:11,706: WARNING/MainProcess] ^
[2025-04-21 09:42:11,706: WARNING/MainProcess] ^
[2025-04-21 09:42:11,706: WARNING/MainProcess] ^
[2025-04-21 09:42:11,706: WARNING/MainProcess] ^
[2025-04-21 09:42:11,706: WARNING/MainProcess] ^
[2025-04-21 09:42:11,706: WARNING/MainProcess] ^
[2025-04-21 09:42:11,706: WARNING/MainProcess] ^
[2025-04-21 09:42:11,706: WARNING/MainProcess] ^
[2025-04-21 09:42:11,706: WARNING/MainProcess] ^
[2025-04-21 09:42:11,706: WARNING/MainProcess] ^
[2025-04-21 09:42:11,706: WARNING/MainProcess] ^
[2025-04-21 09:42:11,706: WARNING/MainProcess]   File "/d01/def/app/server/flask/procg_venv/lib/python3.11/site-packages/redbeat/schedulers.py", line 524, in tick
[2025-04-21 09:42:11,706: WARNING/MainProcess]     
[2025-04-21 09:42:11,706: WARNING/MainProcess] self.lock.extend(int(self.lock_timeout))
[2025-04-21 09:42:11,706: WARNING/MainProcess]  
[2025-04-21 09:42:11,706: WARNING/MainProcess]  
[2025-04-21 09:42:11,706: WARNING/MainProcess]  
[2025-04-21 09:42:11,706: WARNING/MainProcess]  
[2025-04-21 09:42:11,706: WARNING/MainProcess] ^
[2025-04-21 09:42:11,706: WARNING/MainProcess] ^
[2025-04-21 09:42:11,706: WARNING/MainProcess] ^
[2025-04-21 09:42:11,706: WARNING/MainProcess] ^
[2025-04-21 09:42:11,706: WARNING/MainProcess] ^
[2025-04-21 09:42:11,706: WARNING/MainProcess] ^
[2025-04-21 09:42:11,706: WARNING/MainProcess] ^
[2025-04-21 09:42:11,706: WARNING/MainProcess] ^
[2025-04-21 09:42:11,706: WARNING/MainProcess] ^
[2025-04-21 09:42:11,706: WARNING/MainProcess] ^
[2025-04-21 09:42:11,706: WARNING/MainProcess] ^
[2025-04-21 09:42:11,706: WARNING/MainProcess] ^
[2025-04-21 09:42:11,706: WARNING/MainProcess] ^
[2025-04-21 09:42:11,706: WARNING/MainProcess] ^
[2025-04-21 09:42:11,706: WARNING/MainProcess] ^
[2025-04-21 09:42:11,706: WARNING/MainProcess] ^
[2025-04-21 09:42:11,706: WARNING/MainProcess] AttributeError
[2025-04-21 09:42:11,706: WARNING/MainProcess] : 
[2025-04-21 09:42:11,706: WARNING/MainProcess] 'NoneType' object has no attribute 'extend'
database_url: postgresql://postgres:postgres@172.16.13.232:5434/PRO_CG?sslmode=require
celery beat v5.5.0 (immunity) is starting.
__    -    ... __   -        _
LocalTime -> 2025-04-21 09:37:09
Configuration ->
    . broker -> rediss://default:**@valkey-procg-bookaride.h.aivencloud.com:23207//
    . loader -> celery.loaders.app.AppLoader
    . scheduler -> redbeat.schedulers.RedBeatScheduler
       . redis -> rediss://default:**@valkey-procg-bookaride.h.aivencloud.com:23207/
       . lock -> `redbeat::lock` 25.00 minutes (1500s)
    . logfile -> [stderr]@%INFO
    . maxinterval -> 5.00 minutes (300s)
