nohup: ignoring input
[2025-04-04 05:06:44 +0000] [1666331] [INFO] Starting gunicorn 23.0.0
[2025-04-04 05:06:44 +0000] [1666331] [INFO] Listening at: http://0.0.0.0:5000 (1666331)
[2025-04-04 05:06:44 +0000] [1666331] [INFO] Using worker: sync
[2025-04-04 05:06:44 +0000] [1666332] [INFO] Booting worker with pid: 1666332
WARNING:kombu.connection:Secure redis scheme specified (rediss) with no ssl options, defaulting to insecure SSL behaviour.
WARNING:kombu.connection:Secure redis scheme specified (rediss) with no ssl options, defaulting to insecure SSL behaviour.
WARNING:kombu.connection:Secure redis scheme specified (rediss) with no ssl options, defaulting to insecure SSL behaviour.
INFO:root:Ad-hoc task executed and logged successfully.
INFO:root:Ad-hoc task executed and logged successfully.
[2025-04-04 09:36:10 +0000] [1666332] [WARNING] Invalid request from ip=199.45.154.139: Invalid HTTP Version: (2, 0)
[2025-04-04 10:32:44 +0000] [1666332] [WARNING] Invalid request from ip=167.94.138.52: Invalid HTTP Version: (2, 0)
[2025-04-04 10:41:15 +0000] [1666331] [CRITICAL] WORKER TIMEOUT (pid:1666332)
[2025-04-04 10:41:15 +0000] [1666332] [ERROR] Error handling request (no URI read)
Traceback (most recent call last):
  File "/d01/def/app/server/flask/procg_venv/lib/python3.11/site-packages/gunicorn/workers/sync.py", line 133, in handle
    req = next(parser)
          ^^^^^^^^^^^^
  File "/d01/def/app/server/flask/procg_venv/lib/python3.11/site-packages/gunicorn/http/parser.py", line 41, in __next__
    self.mesg = self.mesg_class(self.cfg, self.unreader, self.source_addr, self.req_count)
                ^^^^^^^^^^^^^^^^^^^^^^^^^^^^^^^^^^^^^^^^^^^^^^^^^^^^^^^^^^^^^^^^^^^^^^^^^^
  File "/d01/def/app/server/flask/procg_venv/lib/python3.11/site-packages/gunicorn/http/message.py", line 259, in __init__
    super().__init__(cfg, unreader, peer_addr)
  File "/d01/def/app/server/flask/procg_venv/lib/python3.11/site-packages/gunicorn/http/message.py", line 60, in __init__
    unused = self.parse(self.unreader)
             ^^^^^^^^^^^^^^^^^^^^^^^^^
  File "/d01/def/app/server/flask/procg_venv/lib/python3.11/site-packages/gunicorn/http/message.py", line 271, in parse
    self.get_data(unreader, buf, stop=True)
  File "/d01/def/app/server/flask/procg_venv/lib/python3.11/site-packages/gunicorn/http/message.py", line 262, in get_data
    data = unreader.read()
           ^^^^^^^^^^^^^^^
  File "/d01/def/app/server/flask/procg_venv/lib/python3.11/site-packages/gunicorn/http/unreader.py", line 36, in read
    d = self.chunk()
        ^^^^^^^^^^^^
  File "/d01/def/app/server/flask/procg_venv/lib/python3.11/site-packages/gunicorn/http/unreader.py", line 63, in chunk
    return self.sock.recv(self.mxchunk)
           ^^^^^^^^^^^^^^^^^^^^^^^^^^^^
  File "/d01/def/app/server/flask/procg_venv/lib/python3.11/site-packages/gunicorn/workers/base.py", line 204, in handle_abort
    sys.exit(1)
SystemExit: 1
[2025-04-04 10:41:15 +0000] [1666332] [INFO] Worker exiting (pid: 1666332)
database_url_01: postgresql://postgres:postgres@172.16.13.232:5434/PRO_CG?sslmode=require
RedBeat entry created: periodic every one minute_017022f3-ad1d-401f-821b-61b7d2f79301
RedBeat entry created: periodic every one minute_875a7dc3-9c61-4b37-8ad9-61efe894766a
[2025-04-04 10:41:15 +0000] [1669876] [INFO] Booting worker with pid: 1669876
/d01/def/app/server/flask/app.py:972: SAWarning: Column 'arm_async_tasks.arm_task_id' is marked as a member of the primary key for table 'arm_async_tasks', but has no Python-side or server-side default generator indicated, nor does it indicate 'autoincrement=True' or 'nullable=True', and no explicit value is passed.  Primary key columns typically may not store NULL. Note that as of SQLAlchemy 1.1, 'autoincrement=True' must be indicated explicitly for composite (e.g. multicolumn) primary keys if AUTO_INCREMENT/SERIAL/IDENTITY behavior is expected for one of the columns in the primary key. CREATE TABLE statements are impacted by this change as well on most backends.
  db.session.commit()
WARNING:kombu.connection:Secure redis scheme specified (rediss) with no ssl options, defaulting to insecure SSL behaviour.
WARNING:kombu.connection:Secure redis scheme specified (rediss) with no ssl options, defaulting to insecure SSL behaviour.
WARNING:kombu.connection:Secure redis scheme specified (rediss) with no ssl options, defaulting to insecure SSL behaviour.
INFO:root:Ad-hoc task executed and logged successfully.
INFO:root:Ad-hoc task executed and logged successfully.
[2025-04-04 19:45:57 +0000] [1669876] [WARNING] Invalid request from ip=167.94.146.54: Invalid HTTP Version: (2, 0)
[2025-04-05 08:17:40 +0000] [1666331] [CRITICAL] WORKER TIMEOUT (pid:1669876)
[2025-04-05 08:17:40 +0000] [1669876] [ERROR] Error handling request (no URI read)
Traceback (most recent call last):
  File "/d01/def/app/server/flask/procg_venv/lib/python3.11/site-packages/gunicorn/workers/sync.py", line 133, in handle
    req = next(parser)
          ^^^^^^^^^^^^
  File "/d01/def/app/server/flask/procg_venv/lib/python3.11/site-packages/gunicorn/http/parser.py", line 41, in __next__
    self.mesg = self.mesg_class(self.cfg, self.unreader, self.source_addr, self.req_count)
                ^^^^^^^^^^^^^^^^^^^^^^^^^^^^^^^^^^^^^^^^^^^^^^^^^^^^^^^^^^^^^^^^^^^^^^^^^^
  File "/d01/def/app/server/flask/procg_venv/lib/python3.11/site-packages/gunicorn/http/message.py", line 259, in __init__
    super().__init__(cfg, unreader, peer_addr)
  File "/d01/def/app/server/flask/procg_venv/lib/python3.11/site-packages/gunicorn/http/message.py", line 60, in __init__
    unused = self.parse(self.unreader)
             ^^^^^^^^^^^^^^^^^^^^^^^^^
  File "/d01/def/app/server/flask/procg_venv/lib/python3.11/site-packages/gunicorn/http/message.py", line 274, in parse
    line, rbuf = self.read_line(unreader, buf, self.limit_request_line)
                 ^^^^^^^^^^^^^^^^^^^^^^^^^^^^^^^^^^^^^^^^^^^^^^^^^^^^^^
  File "/d01/def/app/server/flask/procg_venv/lib/python3.11/site-packages/gunicorn/http/message.py", line 326, in read_line
    self.get_data(unreader, buf)
  File "/d01/def/app/server/flask/procg_venv/lib/python3.11/site-packages/gunicorn/http/message.py", line 262, in get_data
    data = unreader.read()
           ^^^^^^^^^^^^^^^
  File "/d01/def/app/server/flask/procg_venv/lib/python3.11/site-packages/gunicorn/http/unreader.py", line 36, in read
    d = self.chunk()
        ^^^^^^^^^^^^
  File "/d01/def/app/server/flask/procg_venv/lib/python3.11/site-packages/gunicorn/http/unreader.py", line 63, in chunk
    return self.sock.recv(self.mxchunk)
           ^^^^^^^^^^^^^^^^^^^^^^^^^^^^
  File "/d01/def/app/server/flask/procg_venv/lib/python3.11/site-packages/gunicorn/workers/base.py", line 204, in handle_abort
    sys.exit(1)
SystemExit: 1
[2025-04-05 08:17:40 +0000] [1669876] [INFO] Worker exiting (pid: 1669876)
database_url_01: postgresql://postgres:postgres@172.16.13.232:5434/PRO_CG?sslmode=require
RedBeat entry created: Add values every 1 minutes testing_1_4f515c1d-e587-44b5-804c-fd481e9408fe
RedBeat entry created: Add values once 4 Apr 2025 20:30_14fc78b1-e7e5-425e-b578-d7d258ccfff3
RedBeat entry created: Add values every Saturday _3bab6190-379a-4b0e-828c-5df9c6f14c99
RedBeat entry created: Add values every month date 5_44294c2c-2a43-4b10-bbeb-ad5568826eb0
RedBeat entry created: Add values every 1 hour_93df2dac-7635-4f11-aa12-eccb4b14d3c4
RedBeat entry created: Add values every 1 day_615d77bb-6250-4e64-bdf9-2f90248af7d9
RedBeat entry created: Add values every 1 week_eb2c8a84-3f96-4066-a800-5c302ec3056f
RedBeat entry created: Add values every 1 month_f58a3f6a-cf11-4dfc-863a-b0e305c230c4
[2025-04-05 08:17:40 +0000] [1683292] [INFO] Booting worker with pid: 1683292
[2025-04-05 16:03:17 +0000] [1683292] [WARNING] Invalid request from ip=194.165.16.161: Invalid HTTP request line: '\x03\x00\x00/*à\x00\x00\x00\x00\x00Cookie: mstshash=Administr'
[2025-04-05 17:44:47 +0000] [1666331] [CRITICAL] WORKER TIMEOUT (pid:1683292)
[2025-04-05 17:44:47 +0000] [1683292] [ERROR] Error handling request (no URI read)
Traceback (most recent call last):
  File "/d01/def/app/server/flask/procg_venv/lib/python3.11/site-packages/gunicorn/workers/sync.py", line 133, in handle
    req = next(parser)
          ^^^^^^^^^^^^
  File "/d01/def/app/server/flask/procg_venv/lib/python3.11/site-packages/gunicorn/http/parser.py", line 41, in __next__
    self.mesg = self.mesg_class(self.cfg, self.unreader, self.source_addr, self.req_count)
                ^^^^^^^^^^^^^^^^^^^^^^^^^^^^^^^^^^^^^^^^^^^^^^^^^^^^^^^^^^^^^^^^^^^^^^^^^^
  File "/d01/def/app/server/flask/procg_venv/lib/python3.11/site-packages/gunicorn/http/message.py", line 259, in __init__
    super().__init__(cfg, unreader, peer_addr)
  File "/d01/def/app/server/flask/procg_venv/lib/python3.11/site-packages/gunicorn/http/message.py", line 60, in __init__
    unused = self.parse(self.unreader)
             ^^^^^^^^^^^^^^^^^^^^^^^^^
  File "/d01/def/app/server/flask/procg_venv/lib/python3.11/site-packages/gunicorn/http/message.py", line 274, in parse
    line, rbuf = self.read_line(unreader, buf, self.limit_request_line)
                 ^^^^^^^^^^^^^^^^^^^^^^^^^^^^^^^^^^^^^^^^^^^^^^^^^^^^^^
  File "/d01/def/app/server/flask/procg_venv/lib/python3.11/site-packages/gunicorn/http/message.py", line 326, in read_line
    self.get_data(unreader, buf)
  File "/d01/def/app/server/flask/procg_venv/lib/python3.11/site-packages/gunicorn/http/message.py", line 262, in get_data
    data = unreader.read()
           ^^^^^^^^^^^^^^^
  File "/d01/def/app/server/flask/procg_venv/lib/python3.11/site-packages/gunicorn/http/unreader.py", line 36, in read
    d = self.chunk()
        ^^^^^^^^^^^^
  File "/d01/def/app/server/flask/procg_venv/lib/python3.11/site-packages/gunicorn/http/unreader.py", line 63, in chunk
    return self.sock.recv(self.mxchunk)
           ^^^^^^^^^^^^^^^^^^^^^^^^^^^^
  File "/d01/def/app/server/flask/procg_venv/lib/python3.11/site-packages/gunicorn/workers/base.py", line 204, in handle_abort
    sys.exit(1)
SystemExit: 1
[2025-04-05 17:44:47 +0000] [1683292] [INFO] Worker exiting (pid: 1683292)
database_url_01: postgresql://postgres:postgres@172.16.13.232:5434/PRO_CG?sslmode=require
[2025-04-05 17:44:47 +0000] [1688790] [INFO] Booting worker with pid: 1688790
[2025-04-05 19:31:48 +0000] [1688790] [WARNING] Invalid request from ip=185.170.144.3: Invalid HTTP request line: '\x03\x00\x00/*à\x00\x00\x00\x00\x00Cookie: mstshash=Administr'
[2025-04-05 21:10:35 +0000] [1666331] [CRITICAL] WORKER TIMEOUT (pid:1688790)
[2025-04-05 21:10:35 +0000] [1688790] [ERROR] Error handling request (no URI read)
Traceback (most recent call last):
  File "/d01/def/app/server/flask/procg_venv/lib/python3.11/site-packages/gunicorn/workers/sync.py", line 133, in handle
    req = next(parser)
          ^^^^^^^^^^^^
  File "/d01/def/app/server/flask/procg_venv/lib/python3.11/site-packages/gunicorn/http/parser.py", line 41, in __next__
    self.mesg = self.mesg_class(self.cfg, self.unreader, self.source_addr, self.req_count)
                ^^^^^^^^^^^^^^^^^^^^^^^^^^^^^^^^^^^^^^^^^^^^^^^^^^^^^^^^^^^^^^^^^^^^^^^^^^
  File "/d01/def/app/server/flask/procg_venv/lib/python3.11/site-packages/gunicorn/http/message.py", line 259, in __init__
    super().__init__(cfg, unreader, peer_addr)
  File "/d01/def/app/server/flask/procg_venv/lib/python3.11/site-packages/gunicorn/http/message.py", line 60, in __init__
    unused = self.parse(self.unreader)
             ^^^^^^^^^^^^^^^^^^^^^^^^^
  File "/d01/def/app/server/flask/procg_venv/lib/python3.11/site-packages/gunicorn/http/message.py", line 271, in parse
    self.get_data(unreader, buf, stop=True)
  File "/d01/def/app/server/flask/procg_venv/lib/python3.11/site-packages/gunicorn/http/message.py", line 262, in get_data
    data = unreader.read()
           ^^^^^^^^^^^^^^^
  File "/d01/def/app/server/flask/procg_venv/lib/python3.11/site-packages/gunicorn/http/unreader.py", line 36, in read
    d = self.chunk()
        ^^^^^^^^^^^^
  File "/d01/def/app/server/flask/procg_venv/lib/python3.11/site-packages/gunicorn/http/unreader.py", line 63, in chunk
    return self.sock.recv(self.mxchunk)
           ^^^^^^^^^^^^^^^^^^^^^^^^^^^^
  File "/d01/def/app/server/flask/procg_venv/lib/python3.11/site-packages/gunicorn/workers/base.py", line 204, in handle_abort
    sys.exit(1)
SystemExit: 1
[2025-04-05 21:10:35 +0000] [1688790] [INFO] Worker exiting (pid: 1688790)
database_url_01: postgresql://postgres:postgres@172.16.13.232:5434/PRO_CG?sslmode=require
[2025-04-05 21:10:36 +0000] [1690443] [INFO] Booting worker with pid: 1690443
[2025-04-06 07:35:34 +0000] [1690443] [WARNING] Invalid request from ip=206.168.34.119: Invalid HTTP Version: (2, 0)
[2025-04-06 08:05:03 +0000] [1690443] [WARNING] Invalid request from ip=206.168.34.56: Invalid HTTP Version: (2, 0)
[2025-04-06 10:54:02 +0000] [1690443] [WARNING] Invalid request from ip=167.94.145.100: Invalid HTTP Version: (2, 0)
[2025-04-06 10:58:10 +0000] [1690443] [WARNING] Invalid request from ip=194.165.16.161: Invalid HTTP request line: '\x03\x00\x00/*à\x00\x00\x00\x00\x00Cookie: mstshash=Administr'
[2025-04-06 12:26:48 +0000] [1690443] [WARNING] Invalid request from ip=167.94.146.60: Invalid HTTP Version: (2, 0)
[2025-04-06 12:30:52 +0000] [1690443] [WARNING] Invalid request from ip=193.32.162.81: Invalid HTTP request line: 'SSH-2.0-OpenSSH'
/d01/def/app/server/flask/app.py:972: SAWarning: Column 'arm_async_tasks.arm_task_id' is marked as a member of the primary key for table 'arm_async_tasks', but has no Python-side or server-side default generator indicated, nor does it indicate 'autoincrement=True' or 'nullable=True', and no explicit value is passed.  Primary key columns typically may not store NULL. Note that as of SQLAlchemy 1.1, 'autoincrement=True' must be indicated explicitly for composite (e.g. multicolumn) primary keys if AUTO_INCREMENT/SERIAL/IDENTITY behavior is expected for one of the columns in the primary key. CREATE TABLE statements are impacted by this change as well on most backends.
  db.session.commit()
[2025-04-06 21:46:49 +0000] [1690443] [WARNING] Invalid request from ip=64.226.111.192: Invalid HTTP request line: ''
WARNING:kombu.connection:Secure redis scheme specified (rediss) with no ssl options, defaulting to insecure SSL behaviour.
WARNING:kombu.connection:Secure redis scheme specified (rediss) with no ssl options, defaulting to insecure SSL behaviour.
WARNING:kombu.connection:Secure redis scheme specified (rediss) with no ssl options, defaulting to insecure SSL behaviour.
INFO:root:Ad-hoc task executed and logged successfully.
INFO:root:Ad-hoc task executed and logged successfully.
INFO:root:Ad-hoc task executed and logged successfully.
INFO:root:Ad-hoc task executed and logged successfully.
INFO:root:Ad-hoc task executed and logged successfully.
INFO:root:Ad-hoc task executed and logged successfully.
WARNING:kombu.connection:Secure redis scheme specified (rediss) with no ssl options, defaulting to insecure SSL behaviour.
WARNING:kombu.connection:Secure redis scheme specified (rediss) with no ssl options, defaulting to insecure SSL behaviour.
WARNING:kombu.connection:Secure redis scheme specified (rediss) with no ssl options, defaulting to insecure SSL behaviour.
WARNING:kombu.connection:Secure redis scheme specified (rediss) with no ssl options, defaulting to insecure SSL behaviour.
WARNING:kombu.connection:Secure redis scheme specified (rediss) with no ssl options, defaulting to insecure SSL behaviour.
WARNING:kombu.connection:Secure redis scheme specified (rediss) with no ssl options, defaulting to insecure SSL behaviour.
WARNING:kombu.connection:Secure redis scheme specified (rediss) with no ssl options, defaulting to insecure SSL behaviour.
WARNING:kombu.connection:Secure redis scheme specified (rediss) with no ssl options, defaulting to insecure SSL behaviour.
WARNING:kombu.connection:Secure redis scheme specified (rediss) with no ssl options, defaulting to insecure SSL behaviour.
WARNING:kombu.connection:Secure redis scheme specified (rediss) with no ssl options, defaulting to insecure SSL behaviour.
WARNING:kombu.connection:Secure redis scheme specified (rediss) with no ssl options, defaulting to insecure SSL behaviour.
WARNING:kombu.connection:Secure redis scheme specified (rediss) with no ssl options, defaulting to insecure SSL behaviour.
WARNING:kombu.connection:Secure redis scheme specified (rediss) with no ssl options, defaulting to insecure SSL behaviour.
WARNING:kombu.connection:Secure redis scheme specified (rediss) with no ssl options, defaulting to insecure SSL behaviour.
WARNING:kombu.connection:Secure redis scheme specified (rediss) with no ssl options, defaulting to insecure SSL behaviour.
WARNING:kombu.connection:Secure redis scheme specified (rediss) with no ssl options, defaulting to insecure SSL behaviour.
WARNING:kombu.connection:Secure redis scheme specified (rediss) with no ssl options, defaulting to insecure SSL behaviour.
WARNING:kombu.connection:Secure redis scheme specified (rediss) with no ssl options, defaulting to insecure SSL behaviour.
WARNING:kombu.connection:Secure redis scheme specified (rediss) with no ssl options, defaulting to insecure SSL behaviour.
WARNING:kombu.connection:Secure redis scheme specified (rediss) with no ssl options, defaulting to insecure SSL behaviour.
WARNING:kombu.connection:Secure redis scheme specified (rediss) with no ssl options, defaulting to insecure SSL behaviour.
WARNING:kombu.connection:Secure redis scheme specified (rediss) with no ssl options, defaulting to insecure SSL behaviour.
WARNING:kombu.connection:Secure redis scheme specified (rediss) with no ssl options, defaulting to insecure SSL behaviour.
WARNING:kombu.connection:Secure redis scheme specified (rediss) with no ssl options, defaulting to insecure SSL behaviour.
[2025-04-07 07:05:54 +0000] [1690443] [WARNING] Invalid request from ip=91.238.181.95: Invalid HTTP request line: '\x03\x00\x00/*à\x00\x00\x00\x00\x00Cookie: mstshash=Administr'
